Build started 2/14/2015 1:56:05 AM.
     1>Project "D:\Assignments\OOD\Project 1\FileCatalogue\FileCatalogue\FileCatalogue.vcxproj" on node 3 (Build target(s)).
     1>ClCompile:
         C:\Program Files (x86)\Microsoft Visual Studio 12.0\VC\bin\CL.exe /c /ZI /nologo /W3 /WX- /sdl /Od /Oy- /D WIN32 /D _DEBUG /D _CONSOLE /D _LIB /D _UNICODE /D UNICODE /Gm /EHsc /RTC1 /MDd /GS /fp:precise /Zc:wchar_t /Zc:forScope /Fo"Debug\\" /Fd"Debug\vc120.pdb" /Gd /TP /analyze- /errorReport:prompt ..\FileSystemDemo\FileSystem.cpp Catalogue.cpp DataStore.cpp Display.cpp Executive.cpp
         Executive.cpp
         Display.cpp
         DataStore.cpp
         Catalogue.cpp
     1>d:\assignments\ood\project 1\filecatalogue\filecatalogue\catalogue.cpp(56): warning C4018: '<' : signed/unsigned mismatch
         FileSystem.cpp
         Generating Code...
       Link:
         C:\Program Files (x86)\Microsoft Visual Studio 12.0\VC\bin\link.exe /ERRORREPORT:PROMPT /OUT:"D:\Assignments\OOD\Project 1\FileCatalogue\Debug\FileCatalogue.exe" /INCREMENTAL /NOLOGO kernel32.lib user32.lib gdi32.lib winspool.lib comdlg32.lib advapi32.lib shell32.lib ole32.lib oleaut32.lib uuid.lib odbc32.lib odbccp32.lib /MANIFEST /MANIFESTUAC:"level='asInvoker' uiAccess='false'" /manifest:embed /DEBUG /PDB:"D:\Assignments\OOD\Project 1\FileCatalogue\Debug\FileCatalogue.pdb" /SUBSYSTEM:CONSOLE /TLBID:1 /DYNAMICBASE /NXCOMPAT /IMPLIB:"D:\Assignments\OOD\Project 1\FileCatalogue\Debug\FileCatalogue.lib" /MACHINE:X86 Debug\FileSystem.obj
         Debug\Catalogue.obj
         Debug\DataStore.obj
         Debug\Display.obj
         Debug\Executive.obj
         FileCatalogue.vcxproj -> D:\Assignments\OOD\Project 1\FileCatalogue\Debug\FileCatalogue.exe
     1>Done Building Project "D:\Assignments\OOD\Project 1\FileCatalogue\FileCatalogue\FileCatalogue.vcxproj" (Build target(s)).

Build succeeded.

Time Elapsed 00:00:14.81
